<?xml version="1.0" encoding="UTF-8"?>
<testsuite xmlns:xsi="http://www.w3.org/2001/XMLSchema-instance" xsi:noNamespaceSchemaLocation="https://maven.apache.org/surefire/maven-surefire-plugin/xsd/surefire-test-report.xsd" name="MainTest" time="37.553" tests="5" errors="0" skipped="0" failures="0">
  <properties>
[...]
</properties>
  <testcase name="trunsferUSDT" classname="MainTest" time="15.183"/>
  <testcase name="balanceOf" classname="MainTest" time="5.558"/>
  <testcase name="trunsferTRX" classname="MainTest" time="11.464"/>
  <testcase name="getTransactionsTRC20" classname="MainTest" time="2.637"/>
  <testcase name="privateKeyToAddress" classname="MainTest" time="0.001"/>
</testsuite>